Copyright 1986-2018 Xilinx, Inc. All Rights Reserved.
-------------------------------------------------------------------------------------------------
| Tool Version : Vivado v.2018.1 (win64) Build 2188600 Wed Apr  4 18:40:38 MDT 2018
| Date         : Tue May  7 12:48:03 2019
| Host         : zhatianyics-PC running 64-bit major release  (build 9200)
| Command      : report_clock_utilization -file axi_spi_top_wrapper_clock_utilization_routed.rpt
| Design       : axi_spi_top_wrapper
| Device       : 7k325t-ffg900
| Speed File   : -2  PRODUCTION 1.12 2017-02-17
-------------------------------------------------------------------------------------------------

Clock Utilization Report

Table of Contents
-----------------
1. Clock Primitive Utilization
2. Global Clock Resources
3. Global Clock Source Details
4. Clock Regions: Key Resource Utilization
5. Clock Regions : Global Clock Summary
6. Device Cell Placement Summary for Global Clock g0
7. Device Cell Placement Summary for Global Clock g1
8. Device Cell Placement Summary for Global Clock g2
9. Device Cell Placement Summary for Global Clock g3
10. Device Cell Placement Summary for Global Clock g4
11. Clock Region Cell Placement per Global Clock: Region X1Y1
12. Clock Region Cell Placement per Global Clock: Region X0Y4
13. Clock Region Cell Placement per Global Clock: Region X0Y5
14. Clock Region Cell Placement per Global Clock: Region X1Y5
15. Clock Region Cell Placement per Global Clock: Region X0Y6
16. Clock Region Cell Placement per Global Clock: Region X1Y6

1. Clock Primitive Utilization
------------------------------

+----------+------+-----------+-----+--------------+--------+
| Type     | Used | Available | LOC | Clock Region | Pblock |
+----------+------+-----------+-----+--------------+--------+
| BUFGCTRL |    4 |        32 |   0 |            0 |      0 |
| BUFH     |    1 |       168 |   0 |            0 |      0 |
| BUFIO    |    0 |        40 |   0 |            0 |      0 |
| BUFMR    |    0 |        20 |   0 |            0 |      0 |
| BUFR     |    0 |        40 |   0 |            0 |      0 |
| MMCM     |    1 |        10 |   0 |            0 |      0 |
| PLL      |    0 |        10 |   0 |            0 |      0 |
+----------+------+-----------+-----+--------------+--------+


2. Global Clock Resources
-------------------------

+-----------+-----------+-----------------+------------+----------------+--------------+-------------------+-------------+-----------------+--------------+--------------------------------------------------------------------------------------------+-----------------------------------------------------------------------------------------------------------------------------------------------------------------------+-------------------------------------------------------------------------------------------------------------------------------------------------------------------------+
| Global Id | Source Id | Driver Type/Pin | Constraint | Site           | Clock Region | Load Clock Region | Clock Loads | Non-Clock Loads | Clock Period | Clock                                                                                      | Driver Pin                                                                                                                                                            | Net                                                                                                                                                                     |
+-----------+-----------+-----------------+------------+----------------+--------------+-------------------+-------------+-----------------+--------------+--------------------------------------------------------------------------------------------+-----------------------------------------------------------------------------------------------------------------------------------------------------------------------+-------------------------------------------------------------------------------------------------------------------------------------------------------------------------+
| g0        | src0      | BUFG/O          | None       | BUFGCTRL_X0Y16 | n/a          |                 4 |        3605 |               0 |              |                                                                                            | axi_spi_top_i/jesd204_0/inst/i_shared_clocks/refclk_buf/O                                                                                                             | axi_spi_top_i/jesd204_0/inst/i_shared_clocks/rx_core_clk_out                                                                                                            |
| g1        | src0      | BUFH/O          | None       | BUFHCE_X0Y60   | X0Y5         |                 1 |           9 |               0 |              |                                                                                            | axi_spi_top_i/jesd204_0/inst/i_jesd204_phy/inst/jesd204_phy_block_i/axi_spi_top_jesd204_0_0_phy_gt/inst/axi_spi_top_jesd204_0_0_phy_gt_i/cpll_railing0_i/refclk_buf/O | axi_spi_top_i/jesd204_0/inst/i_jesd204_phy/inst/jesd204_phy_block_i/axi_spi_top_jesd204_0_0_phy_gt/inst/axi_spi_top_jesd204_0_0_phy_gt_i/cpll_railing0_i/refclk_buf_n_0 |
| g2        | src1      | BUFG/O          | None       | BUFGCTRL_X0Y0  | n/a          |                 4 |        3552 |               0 |       10.000 | clk_out1_axi_spi_top_clk_wiz_0_0                                                           | axi_spi_top_i/clk_wiz_0/inst/clkout1_buf/O                                                                                                                            | axi_spi_top_i/clk_wiz_0/inst/clk_out1                                                                                                                                   |
| g3        | src2      | BUFG/O          | None       | BUFGCTRL_X0Y1  | n/a          |                 1 |         463 |               0 |       33.000 | dbg_hub/inst/BSCANID.u_xsdbm_id/SWITCH_N_EXT_BSCAN.bscan_inst/SERIES7_BSCAN.bscan_inst/TCK | dbg_hub/inst/BSCANID.u_xsdbm_id/SWITCH_N_EXT_BSCAN.u_bufg_icon_tck/O                                                                                                  | dbg_hub/inst/BSCANID.u_xsdbm_id/itck_i                                                                                                                                  |
| g4        | src1      | BUFG/O          | None       | BUFGCTRL_X0Y2  | n/a          |                 1 |           1 |               0 |        5.000 | clkfbout_axi_spi_top_clk_wiz_0_0                                                           | axi_spi_top_i/clk_wiz_0/inst/clkf_buf/O                                                                                                                               | axi_spi_top_i/clk_wiz_0/inst/clkfbout_buf_axi_spi_top_clk_wiz_0_0                                                                                                       |
+-----------+-----------+-----------------+------------+----------------+--------------+-------------------+-------------+-----------------+--------------+--------------------------------------------------------------------------------------------+-----------------------------------------------------------------------------------------------------------------------------------------------------------------------+-------------------------------------------------------------------------------------------------------------------------------------------------------------------------+
* Clock Loads column represents the clock pin loads (pin count)
** Non-Clock Loads column represents the non-clock pin loads (pin count)


3. Global Clock Source Details
------------------------------

+-----------+-----------+---------------------+------------------+------------------+--------------+-------------+-----------------+---------------------+--------------------------------------------------------------------------------------------+--------------------------------------------------------------------------------------------+----------------------------------------------------------------------+
| Source Id | Global Id | Driver Type/Pin     | Constraint       | Site             | Clock Region | Clock Loads | Non-Clock Loads | Source Clock Period | Source Clock                                                                               | Driver Pin                                                                                 | Net                                                                  |
+-----------+-----------+---------------------+------------------+------------------+--------------+-------------+-----------------+---------------------+--------------------------------------------------------------------------------------------+--------------------------------------------------------------------------------------------+----------------------------------------------------------------------+
| src0      | g0, g1    | IBUFDS_GTE2/O       | IBUFDS_GTE2_X0Y4 | IBUFDS_GTE2_X0Y4 | X1Y5         |           5 |               0 |                     |                                                                                            | axi_spi_top_i/jesd204_0/inst/i_shared_clocks/ibufds_refclk0/O                              | axi_spi_top_i/jesd204_0/inst/i_shared_clocks/cpll_refclk             |
| src1      | g2        | MMCME2_ADV/CLKOUT0  | None             | MMCME2_ADV_X1Y1  | X1Y1         |           1 |               0 |              10.000 | clk_out1_axi_spi_top_clk_wiz_0_0                                                           | axi_spi_top_i/clk_wiz_0/inst/mmcm_adv_inst/CLKOUT0                                         | axi_spi_top_i/clk_wiz_0/inst/clk_out1_axi_spi_top_clk_wiz_0_0        |
| src1      | g4        | MMCME2_ADV/CLKFBOUT | None             | MMCME2_ADV_X1Y1  | X1Y1         |           1 |               0 |               5.000 | clkfbout_axi_spi_top_clk_wiz_0_0                                                           | axi_spi_top_i/clk_wiz_0/inst/mmcm_adv_inst/CLKFBOUT                                        | axi_spi_top_i/clk_wiz_0/inst/clkfbout_axi_spi_top_clk_wiz_0_0        |
| src2      | g3        | BSCANE2/TCK         | None             | BSCAN_X0Y0       | X0Y2         |           1 |               0 |              33.000 | dbg_hub/inst/BSCANID.u_xsdbm_id/SWITCH_N_EXT_BSCAN.bscan_inst/SERIES7_BSCAN.bscan_inst/TCK | dbg_hub/inst/BSCANID.u_xsdbm_id/SWITCH_N_EXT_BSCAN.bscan_inst/SERIES7_BSCAN.bscan_inst/TCK | dbg_hub/inst/BSCANID.u_xsdbm_id/SWITCH_N_EXT_BSCAN.bscan_inst/tck_bs |
+-----------+-----------+---------------------+------------------+------------------+--------------+-------------+-----------------+---------------------+--------------------------------------------------------------------------------------------+--------------------------------------------------------------------------------------------+----------------------------------------------------------------------+
* Clock Loads column represents the clock pin loads (pin count)
** Non-Clock Loads column represents the non-clock pin loads (pin count)


4. Clock Regions: Key Resource Utilization
------------------------------------------

+-------------------+--------------+--------------+--------------+--------------+--------------+--------------+--------------+--------------+--------------+--------------+--------------+--------------+--------------+--------------+--------------+
|                   | Global Clock |     BUFRs    |    BUFMRs    |    BUFIOs    |     MMCM     |      PLL     |      GT      |      PCI     |    ILOGIC    |    OLOGIC    |      FF      |     LUTM     |    RAMB18    |    RAMB36    |    DSP48E2   |
+-------------------+------+-------+------+-------+------+-------+------+-------+------+-------+------+-------+------+-------+------+-------+------+-------+------+-------+------+-------+------+-------+------+-------+------+-------+------+-------+
| Clock Region Name | Used | Avail | Used | Avail | Used | Avail | Used | Avail | Used | Avail | Used | Avail | Used | Avail | Used | Avail | Used | Avail | Used | Avail | Used | Avail | Used | Avail | Used | Avail | Used | Avail | Used | Avail |
+-------------------+------+-------+------+-------+------+-------+------+-------+------+-------+------+-------+------+-------+------+-------+------+-------+------+-------+------+-------+------+-------+------+-------+------+-------+------+-------+
| X0Y0              |    0 |    12 |    0 |     4 |    0 |     2 |    0 |     4 |    0 |     1 |    0 |     1 |    0 |     0 |    0 |     0 |    0 |    50 |    0 |    50 |    0 |  4000 |    0 |  1150 |    0 |    60 |    0 |    30 |    0 |    60 |
| X1Y0              |    0 |    12 |    0 |     4 |    0 |     2 |    0 |     4 |    0 |     1 |    0 |     1 |    0 |     0 |    0 |     0 |    0 |    50 |    0 |    50 |    0 |  3700 |    0 |  1200 |    0 |    80 |    0 |    40 |    0 |    60 |
| X0Y1              |    0 |    12 |    0 |     4 |    0 |     2 |    0 |     4 |    0 |     1 |    0 |     1 |    0 |     0 |    0 |     0 |    0 |    50 |    0 |    50 |    0 |  4000 |    0 |  1150 |    0 |    60 |    0 |    30 |    0 |    60 |
| X1Y1              |    1 |    12 |    0 |     4 |    0 |     2 |    0 |     4 |    1 |     1 |    0 |     1 |    0 |     0 |    0 |     0 |    0 |    50 |    0 |    50 |    0 |  3700 |    0 |  1200 |    0 |    80 |    0 |    40 |    0 |    60 |
| X0Y2              |    0 |    12 |    0 |     4 |    0 |     2 |    0 |     4 |    0 |     1 |    0 |     1 |    0 |     0 |    0 |     0 |    0 |    50 |    0 |    50 |    0 |  3400 |    0 |  1150 |    0 |    60 |    0 |    30 |    0 |    60 |
| X1Y2              |    0 |    12 |    0 |     4 |    0 |     2 |    0 |     4 |    0 |     1 |    0 |     1 |    0 |     0 |    0 |     0 |    0 |    50 |    0 |    50 |    0 |  3700 |    0 |  1200 |    0 |    80 |    0 |    40 |    0 |    60 |
| X0Y3              |    0 |    12 |    0 |     4 |    0 |     2 |    0 |     4 |    0 |     1 |    0 |     1 |    0 |     0 |    0 |     0 |    0 |    50 |    0 |    50 |    0 |  3400 |    0 |  1150 |    0 |    60 |    0 |    30 |    0 |    60 |
| X1Y3              |    0 |    12 |    0 |     0 |    0 |     0 |    0 |     0 |    0 |     0 |    0 |     0 |    0 |     4 |    0 |     1 |    0 |     0 |    0 |     0 |    0 |  3150 |    0 |  1050 |    0 |    50 |    0 |    25 |    0 |    60 |
| X0Y4              |    1 |    12 |    0 |     4 |    0 |     2 |    0 |     4 |    0 |     1 |    0 |     1 |    0 |     0 |    0 |     0 |    1 |    50 |    0 |    50 |    1 |  4000 |    0 |  1150 |    0 |    60 |    0 |    30 |    0 |    60 |
| X1Y4              |    0 |    12 |    0 |     0 |    0 |     0 |    0 |     0 |    0 |     0 |    0 |     0 |    0 |     4 |    0 |     0 |    0 |     0 |    0 |     0 |    0 |  3300 |    0 |  1100 |    0 |    60 |    0 |    30 |    0 |    60 |
| X0Y5              |    3 |    12 |    0 |     4 |    0 |     2 |    0 |     4 |    0 |     1 |    0 |     1 |    0 |     0 |    0 |     0 |    1 |    50 |    1 |    50 | 2433 |  4000 |  524 |  1150 |    1 |    60 |    4 |    30 |    0 |    60 |
| X1Y5              |    2 |    12 |    0 |     0 |    0 |     0 |    0 |     0 |    0 |     0 |    0 |     0 |    2 |     4 |    0 |     0 |    0 |     0 |    0 |     0 |  414 |  3300 |  157 |  1100 |    0 |    60 |    0 |    30 |    0 |    60 |
| X0Y6              |    3 |    12 |    0 |     4 |    0 |     2 |    0 |     4 |    0 |     1 |    0 |     1 |    0 |     0 |    0 |     0 |    0 |    50 |    0 |    50 | 4331 |  4000 | 1041 |  1150 |    0 |    60 |    2 |    30 |    0 |    60 |
| X1Y6              |    1 |    12 |    0 |     0 |    0 |     0 |    0 |     0 |    0 |     0 |    0 |     0 |    0 |     4 |    0 |     0 |    0 |     0 |    0 |     0 |   86 |  3300 |   11 |  1100 |    0 |    60 |    0 |    30 |    0 |    60 |
+-------------------+------+-------+------+-------+------+-------+------+-------+------+-------+------+-------+------+-------+------+-------+------+-------+------+-------+------+-------+------+-------+------+-------+------+-------+------+-------+
* Global Clock column represents track count; while other columns represents cell counts


5. Clock Regions : Global Clock Summary
---------------------------------------

All Modules
+----+----+----+
|    | X0 | X1 |
+----+----+----+
| Y6 |  3 |  1 |
| Y5 |  3 |  2 |
| Y4 |  1 |  0 |
| Y3 |  0 |  0 |
| Y2 |  0 |  0 |
| Y1 |  0 |  1 |
| Y0 |  0 |  0 |
+----+----+----+


6. Device Cell Placement Summary for Global Clock g0
----------------------------------------------------

+-----------+-----------------+-------------------+-------+-------------+---------------+-------------+----------+----------------+----------+--------------------------------------------------------------+
| Global Id | Driver Type/Pin | Driver Region (D) | Clock | Period (ns) | Waveform (ns) | Slice Loads | IO Loads | Clocking Loads | GT Loads | Net                                                          |
+-----------+-----------------+-------------------+-------+-------------+---------------+-------------+----------+----------------+----------+--------------------------------------------------------------+
| g0        | BUFG/O          | n/a               |       |             |               |        3466 |        0 |              0 |        2 | axi_spi_top_i/jesd204_0/inst/i_shared_clocks/rx_core_clk_out |
+-----------+-----------------+-------------------+-------+-------------+---------------+-------------+----------+----------------+----------+--------------------------------------------------------------+
* Logic Loads column represents load cell count of all cell types other than IO, GT and clock resources
** IO Loads column represents load cell count of IO types
*** Clocking Loads column represents load cell count that are clock resources (global clock buffer, MMCM, PLL, etc)
**** GT Loads column represents load cell count of GT types


+----+-------+------+
|    | X0    | X1   |
+----+-------+------+
| Y6 |  1958 |   86 |
| Y5 |  1302 |  122 |
| Y4 |     0 |    0 |
| Y3 |     0 |    0 |
| Y2 |     0 |    0 |
| Y1 |     0 |    0 |
| Y0 |     0 |    0 |
+----+-------+------+


7. Device Cell Placement Summary for Global Clock g1
----------------------------------------------------

+-----------+-----------------+-------------------+-------+-------------+---------------+-------------+----------+----------------+----------+-------------------------------------------------------------------------------------------------------------------------------------------------------------------------+
| Global Id | Driver Type/Pin | Driver Region (D) | Clock | Period (ns) | Waveform (ns) | Slice Loads | IO Loads | Clocking Loads | GT Loads | Net                                                                                                                                                                     |
+-----------+-----------------+-------------------+-------+-------------+---------------+-------------+----------+----------------+----------+-------------------------------------------------------------------------------------------------------------------------------------------------------------------------+
| g1        | BUFH/O          | X0Y5              |       |             |               |           9 |        0 |              0 |        0 | axi_spi_top_i/jesd204_0/inst/i_jesd204_phy/inst/jesd204_phy_block_i/axi_spi_top_jesd204_0_0_phy_gt/inst/axi_spi_top_jesd204_0_0_phy_gt_i/cpll_railing0_i/refclk_buf_n_0 |
+-----------+-----------------+-------------------+-------+-------------+---------------+-------------+----------+----------------+----------+-------------------------------------------------------------------------------------------------------------------------------------------------------------------------+
* Logic Loads column represents load cell count of all cell types other than IO, GT and clock resources
** IO Loads column represents load cell count of IO types
*** Clocking Loads column represents load cell count that are clock resources (global clock buffer, MMCM, PLL, etc)
**** GT Loads column represents load cell count of GT types


+----+--------+----+
|    | X0     | X1 |
+----+--------+----+
| Y6 |      0 |  0 |
| Y5 |  (D) 9 |  0 |
| Y4 |      0 |  0 |
| Y3 |      0 |  0 |
| Y2 |      0 |  0 |
| Y1 |      0 |  0 |
| Y0 |      0 |  0 |
+----+--------+----+


8. Device Cell Placement Summary for Global Clock g2
----------------------------------------------------

+-----------+-----------------+-------------------+----------------------------------+-------------+---------------+-------------+----------+----------------+----------+---------------------------------------+
| Global Id | Driver Type/Pin | Driver Region (D) | Clock                            | Period (ns) | Waveform (ns) | Slice Loads | IO Loads | Clocking Loads | GT Loads | Net                                   |
+-----------+-----------------+-------------------+----------------------------------+-------------+---------------+-------------+----------+----------------+----------+---------------------------------------+
| g2        | BUFG/O          | n/a               | clk_out1_axi_spi_top_clk_wiz_0_0 |      10.000 | {0.000 5.000} |        3398 |        0 |              0 |        2 | axi_spi_top_i/clk_wiz_0/inst/clk_out1 |
+-----------+-----------------+-------------------+----------------------------------+-------------+---------------+-------------+----------+----------------+----------+---------------------------------------+
* Logic Loads column represents load cell count of all cell types other than IO, GT and clock resources
** IO Loads column represents load cell count of IO types
*** Clocking Loads column represents load cell count that are clock resources (global clock buffer, MMCM, PLL, etc)
**** GT Loads column represents load cell count of GT types


+----+-------+------+
|    | X0    | X1   |
+----+-------+------+
| Y6 |  1942 |    0 |
| Y5 |  1161 |  296 |
| Y4 |     1 |    0 |
| Y3 |     0 |    0 |
| Y2 |     0 |    0 |
| Y1 |     0 |    0 |
| Y0 |     0 |    0 |
+----+-------+------+


9. Device Cell Placement Summary for Global Clock g3
----------------------------------------------------

+-----------+-----------------+-------------------+--------------------------------------------------------------------------------------------+-------------+----------------+-------------+----------+----------------+----------+----------------------------------------+
| Global Id | Driver Type/Pin | Driver Region (D) | Clock                                                                                      | Period (ns) | Waveform (ns)  | Slice Loads | IO Loads | Clocking Loads | GT Loads | Net                                    |
+-----------+-----------------+-------------------+--------------------------------------------------------------------------------------------+-------------+----------------+-------------+----------+----------------+----------+----------------------------------------+
| g3        | BUFG/O          | n/a               | dbg_hub/inst/BSCANID.u_xsdbm_id/SWITCH_N_EXT_BSCAN.bscan_inst/SERIES7_BSCAN.bscan_inst/TCK |      33.000 | {0.000 16.500} |         460 |        0 |              0 |        0 | dbg_hub/inst/BSCANID.u_xsdbm_id/itck_i |
+-----------+-----------------+-------------------+--------------------------------------------------------------------------------------------+-------------+----------------+-------------+----------+----------------+----------+----------------------------------------+
* Logic Loads column represents load cell count of all cell types other than IO, GT and clock resources
** IO Loads column represents load cell count of IO types
*** Clocking Loads column represents load cell count that are clock resources (global clock buffer, MMCM, PLL, etc)
**** GT Loads column represents load cell count of GT types


+----+------+----+
|    | X0   | X1 |
+----+------+----+
| Y6 |  460 |  0 |
| Y5 |    0 |  0 |
| Y4 |    0 |  0 |
| Y3 |    0 |  0 |
| Y2 |    0 |  0 |
| Y1 |    0 |  0 |
| Y0 |    0 |  0 |
+----+------+----+


10. Device Cell Placement Summary for Global Clock g4
-----------------------------------------------------

+-----------+-----------------+-------------------+----------------------------------+-------------+---------------+-------------+----------+----------------+----------+-------------------------------------------------------------------+
| Global Id | Driver Type/Pin | Driver Region (D) | Clock                            | Period (ns) | Waveform (ns) | Slice Loads | IO Loads | Clocking Loads | GT Loads | Net                                                               |
+-----------+-----------------+-------------------+----------------------------------+-------------+---------------+-------------+----------+----------------+----------+-------------------------------------------------------------------+
| g4        | BUFG/O          | n/a               | clkfbout_axi_spi_top_clk_wiz_0_0 |       5.000 | {0.000 2.500} |           0 |        0 |              1 |        0 | axi_spi_top_i/clk_wiz_0/inst/clkfbout_buf_axi_spi_top_clk_wiz_0_0 |
+-----------+-----------------+-------------------+----------------------------------+-------------+---------------+-------------+----------+----------------+----------+-------------------------------------------------------------------+
* Logic Loads column represents load cell count of all cell types other than IO, GT and clock resources
** IO Loads column represents load cell count of IO types
*** Clocking Loads column represents load cell count that are clock resources (global clock buffer, MMCM, PLL, etc)
**** GT Loads column represents load cell count of GT types


+----+----+----+
|    | X0 | X1 |
+----+----+----+
| Y6 |  0 |  0 |
| Y5 |  0 |  0 |
| Y4 |  0 |  0 |
| Y3 |  0 |  0 |
| Y2 |  0 |  0 |
| Y1 |  0 |  1 |
| Y0 |  0 |  0 |
+----+----+----+


11. Clock Region Cell Placement per Global Clock: Region X1Y1
-------------------------------------------------------------

+-----------+-------+-----------------+------------+-------------+-----------------+----+--------+------+-----+----+------+-----+---------+-------------------------------------------------------------------+
| Global Id | Track | Driver Type/Pin | Constraint | Clock Loads | Non-Clock Loads | FF | LUTRAM | RAMB | DSP | GT | MMCM | PLL | Hard IP | Net                                                               |
+-----------+-------+-----------------+------------+-------------+-----------------+----+--------+------+-----+----+------+-----+---------+-------------------------------------------------------------------+
| g4        | n/a   | BUFG/O          | None       |           1 |               0 |  0 |      0 |    0 |   0 |  0 |    1 |   0 |       0 | axi_spi_top_i/clk_wiz_0/inst/clkfbout_buf_axi_spi_top_clk_wiz_0_0 |
+-----------+-------+-----------------+------------+-------------+-----------------+----+--------+------+-----+----+------+-----+---------+-------------------------------------------------------------------+
* Clock Loads column represents the clock pin loads (pin count)
** Non-Clock Loads column represents the non-clock pin loads (pin count)
*** Columns FF, LUTRAM, RAMB through 'Hard IP' represents load cell counts


12. Clock Region Cell Placement per Global Clock: Region X0Y4
-------------------------------------------------------------

+-----------+-------+-----------------+------------+-------------+-----------------+----+--------+------+-----+----+------+-----+---------+---------------------------------------+
| Global Id | Track | Driver Type/Pin | Constraint | Clock Loads | Non-Clock Loads | FF | LUTRAM | RAMB | DSP | GT | MMCM | PLL | Hard IP | Net                                   |
+-----------+-------+-----------------+------------+-------------+-----------------+----+--------+------+-----+----+------+-----+---------+---------------------------------------+
| g2        | n/a   | BUFG/O          | None       |           1 |               0 |  1 |      0 |    0 |   0 |  0 |    0 |   0 |       0 | axi_spi_top_i/clk_wiz_0/inst/clk_out1 |
+-----------+-------+-----------------+------------+-------------+-----------------+----+--------+------+-----+----+------+-----+---------+---------------------------------------+
* Clock Loads column represents the clock pin loads (pin count)
** Non-Clock Loads column represents the non-clock pin loads (pin count)
*** Columns FF, LUTRAM, RAMB through 'Hard IP' represents load cell counts


13. Clock Region Cell Placement per Global Clock: Region X0Y5
-------------------------------------------------------------

+-----------+-------+-----------------+------------+-------------+-----------------+------+--------+------+-----+----+------+-----+---------+-------------------------------------------------------------------------------------------------------------------------------------------------------------------------+
| Global Id | Track | Driver Type/Pin | Constraint | Clock Loads | Non-Clock Loads | FF   | LUTRAM | RAMB | DSP | GT | MMCM | PLL | Hard IP | Net                                                                                                                                                                     |
+-----------+-------+-----------------+------------+-------------+-----------------+------+--------+------+-----+----+------+-----+---------+-------------------------------------------------------------------------------------------------------------------------------------------------------------------------+
| g0        | n/a   | BUFG/O          | None       |        1302 |               0 | 1298 |      0 |    4 |   0 |  0 |    0 |   0 |       0 | axi_spi_top_i/jesd204_0/inst/i_shared_clocks/rx_core_clk_out                                                                                                            |
| g2        | n/a   | BUFG/O          | None       |        1161 |               0 | 1133 |     26 |    1 |   0 |  0 |    0 |   0 |       0 | axi_spi_top_i/clk_wiz_0/inst/clk_out1                                                                                                                                   |
| g1        | n/a   | BUFH/O          | None       |           9 |               0 |    2 |      7 |    0 |   0 |  0 |    0 |   0 |       0 | axi_spi_top_i/jesd204_0/inst/i_jesd204_phy/inst/jesd204_phy_block_i/axi_spi_top_jesd204_0_0_phy_gt/inst/axi_spi_top_jesd204_0_0_phy_gt_i/cpll_railing0_i/refclk_buf_n_0 |
+-----------+-------+-----------------+------------+-------------+-----------------+------+--------+------+-----+----+------+-----+---------+-------------------------------------------------------------------------------------------------------------------------------------------------------------------------+
* Clock Loads column represents the clock pin loads (pin count)
** Non-Clock Loads column represents the non-clock pin loads (pin count)
*** Columns FF, LUTRAM, RAMB through 'Hard IP' represents load cell counts


14. Clock Region Cell Placement per Global Clock: Region X1Y5
-------------------------------------------------------------

+-----------+-------+-----------------+------------+-------------+-----------------+-----+--------+------+-----+----+------+-----+---------+--------------------------------------------------------------+
| Global Id | Track | Driver Type/Pin | Constraint | Clock Loads | Non-Clock Loads | FF  | LUTRAM | RAMB | DSP | GT | MMCM | PLL | Hard IP | Net                                                          |
+-----------+-------+-----------------+------------+-------------+-----------------+-----+--------+------+-----+----+------+-----+---------+--------------------------------------------------------------+
| g0        | n/a   | BUFG/O          | None       |         122 |               0 | 120 |      0 |    0 |   0 |  2 |    0 |   0 |       0 | axi_spi_top_i/jesd204_0/inst/i_shared_clocks/rx_core_clk_out |
| g2        | n/a   | BUFG/O          | None       |         296 |               0 | 294 |      0 |    0 |   0 |  2 |    0 |   0 |       0 | axi_spi_top_i/clk_wiz_0/inst/clk_out1                        |
+-----------+-------+-----------------+------------+-------------+-----------------+-----+--------+------+-----+----+------+-----+---------+--------------------------------------------------------------+
* Clock Loads column represents the clock pin loads (pin count)
** Non-Clock Loads column represents the non-clock pin loads (pin count)
*** Columns FF, LUTRAM, RAMB through 'Hard IP' represents load cell counts


15. Clock Region Cell Placement per Global Clock: Region X0Y6
-------------------------------------------------------------

+-----------+-------+-----------------+------------+-------------+-----------------+------+--------+------+-----+----+------+-----+---------+--------------------------------------------------------------+
| Global Id | Track | Driver Type/Pin | Constraint | Clock Loads | Non-Clock Loads | FF   | LUTRAM | RAMB | DSP | GT | MMCM | PLL | Hard IP | Net                                                          |
+-----------+-------+-----------------+------------+-------------+-----------------+------+--------+------+-----+----+------+-----+---------+--------------------------------------------------------------+
| g0        | n/a   | BUFG/O          | None       |        1958 |               0 | 1954 |      1 |    2 |   0 |  0 |    0 |   0 |       0 | axi_spi_top_i/jesd204_0/inst/i_shared_clocks/rx_core_clk_out |
| g2        | n/a   | BUFG/O          | None       |        1942 |               0 | 1917 |     22 |    2 |   0 |  0 |    0 |   0 |       0 | axi_spi_top_i/clk_wiz_0/inst/clk_out1                        |
| g3        | n/a   | BUFG/O          | None       |         460 |               0 |  460 |      0 |    0 |   0 |  0 |    0 |   0 |       0 | dbg_hub/inst/BSCANID.u_xsdbm_id/itck_i                       |
+-----------+-------+-----------------+------------+-------------+-----------------+------+--------+------+-----+----+------+-----+---------+--------------------------------------------------------------+
* Clock Loads column represents the clock pin loads (pin count)
** Non-Clock Loads column represents the non-clock pin loads (pin count)
*** Columns FF, LUTRAM, RAMB through 'Hard IP' represents load cell counts


16. Clock Region Cell Placement per Global Clock: Region X1Y6
-------------------------------------------------------------

+-----------+-------+-----------------+------------+-------------+-----------------+----+--------+------+-----+----+------+-----+---------+--------------------------------------------------------------+
| Global Id | Track | Driver Type/Pin | Constraint | Clock Loads | Non-Clock Loads | FF | LUTRAM | RAMB | DSP | GT | MMCM | PLL | Hard IP | Net                                                          |
+-----------+-------+-----------------+------------+-------------+-----------------+----+--------+------+-----+----+------+-----+---------+--------------------------------------------------------------+
| g0        | n/a   | BUFG/O          | None       |          86 |               0 | 86 |      0 |    0 |   0 |  0 |    0 |   0 |       0 | axi_spi_top_i/jesd204_0/inst/i_shared_clocks/rx_core_clk_out |
+-----------+-------+-----------------+------------+-------------+-----------------+----+--------+------+-----+----+------+-----+---------+--------------------------------------------------------------+
* Clock Loads column represents the clock pin loads (pin count)
** Non-Clock Loads column represents the non-clock pin loads (pin count)
*** Columns FF, LUTRAM, RAMB through 'Hard IP' represents load cell counts



# Location of BUFG Primitives 
set_property LOC BUFGCTRL_X0Y1 [get_cells dbg_hub/inst/BSCANID.u_xsdbm_id/SWITCH_N_EXT_BSCAN.u_bufg_icon_tck]
set_property LOC BUFGCTRL_X0Y16 [get_cells axi_spi_top_i/jesd204_0/inst/i_shared_clocks/refclk_buf]
set_property LOC BUFGCTRL_X0Y2 [get_cells axi_spi_top_i/clk_wiz_0/inst/clkf_buf]
set_property LOC BUFGCTRL_X0Y0 [get_cells axi_spi_top_i/clk_wiz_0/inst/clkout1_buf]

# Location of BUFH Primitives 
set_property LOC BUFHCE_X0Y60 [get_cells axi_spi_top_i/jesd204_0/inst/i_jesd204_phy/inst/jesd204_phy_block_i/axi_spi_top_jesd204_0_0_phy_gt/inst/axi_spi_top_jesd204_0_0_phy_gt_i/cpll_railing0_i/refclk_buf]

# Location of IO Primitives which is load of clock spine

# Location of clock ports
set_property LOC IPAD_X1Y75 [get_ports GBT_REFCLK_n]
set_property LOC IPAD_X1Y74 [get_ports GBT_REFCLK_p]
set_property LOC IOB_X1Y73 [get_ports diff_clock_rtl_0_clk_n]
set_property LOC IOB_X1Y74 [get_ports diff_clock_rtl_0_clk_p]

# Clock net "dbg_hub/inst/BSCANID.u_xsdbm_id/itck_i" driven by instance "dbg_hub/inst/BSCANID.u_xsdbm_id/SWITCH_N_EXT_BSCAN.u_bufg_icon_tck" located at site "BUFGCTRL_X0Y1"
#startgroup
create_pblock {CLKAG_dbg_hub/inst/BSCANID.u_xsdbm_id/itck_i}
add_cells_to_pblock [get_pblocks  {CLKAG_dbg_hub/inst/BSCANID.u_xsdbm_id/itck_i}] [get_cells -filter { PRIMITIVE_GROUP != I/O && IS_PRIMITIVE==1 && PRIMITIVE_LEVEL !=INTERNAL } -of_object [get_pins -filter {DIRECTION==IN} -of_objects [get_nets -hierarchical -filter {PARENT=="dbg_hub/inst/BSCANID.u_xsdbm_id/itck_i"}]]]
resize_pblock [get_pblocks {CLKAG_dbg_hub/inst/BSCANID.u_xsdbm_id/itck_i}] -add {CLOCKREGION_X0Y6:CLOCKREGION_X0Y6}
#endgroup

# Clock net "axi_spi_top_i/jesd204_0/inst/i_shared_clocks/rx_core_clk_out" driven by instance "axi_spi_top_i/jesd204_0/inst/i_shared_clocks/refclk_buf" located at site "BUFGCTRL_X0Y16"
#startgroup
create_pblock {CLKAG_axi_spi_top_i/jesd204_0/inst/i_shared_clocks/rx_core_clk_out}
add_cells_to_pblock [get_pblocks  {CLKAG_axi_spi_top_i/jesd204_0/inst/i_shared_clocks/rx_core_clk_out}] [get_cells -filter { PRIMITIVE_GROUP != I/O && IS_PRIMITIVE==1 && PRIMITIVE_LEVEL !=INTERNAL } -of_object [get_pins -filter {DIRECTION==IN} -of_objects [get_nets -hierarchical -filter {PARENT=="axi_spi_top_i/jesd204_0/inst/i_shared_clocks/rx_core_clk_out"}]]]
resize_pblock [get_pblocks {CLKAG_axi_spi_top_i/jesd204_0/inst/i_shared_clocks/rx_core_clk_out}] -add {CLOCKREGION_X0Y5:CLOCKREGION_X0Y5 CLOCKREGION_X0Y6:CLOCKREGION_X0Y6 CLOCKREGION_X1Y5:CLOCKREGION_X1Y5 CLOCKREGION_X1Y6:CLOCKREGION_X1Y6}
#endgroup

# Clock net "axi_spi_top_i/jesd204_0/inst/i_jesd204_phy/inst/jesd204_phy_block_i/axi_spi_top_jesd204_0_0_phy_gt/inst/axi_spi_top_jesd204_0_0_phy_gt_i/cpll_railing0_i/refclk_buf_n_0" driven by instance "axi_spi_top_i/jesd204_0/inst/i_jesd204_phy/inst/jesd204_phy_block_i/axi_spi_top_jesd204_0_0_phy_gt/inst/axi_spi_top_jesd204_0_0_phy_gt_i/cpll_railing0_i/refclk_buf" located at site "BUFHCE_X0Y60"
#startgroup
create_pblock {CLKAG_axi_spi_top_i/jesd204_0/inst/i_jesd204_phy/inst/jesd204_phy_block_i/axi_spi_top_jesd204_0_0_phy_gt/inst/axi_spi_top_jesd204_0_0_phy_gt_i/cpll_railing0_i/refclk_buf_n_0}
add_cells_to_pblock [get_pblocks  {CLKAG_axi_spi_top_i/jesd204_0/inst/i_jesd204_phy/inst/jesd204_phy_block_i/axi_spi_top_jesd204_0_0_phy_gt/inst/axi_spi_top_jesd204_0_0_phy_gt_i/cpll_railing0_i/refclk_buf_n_0}] [get_cells -filter { PRIMITIVE_GROUP != I/O && IS_PRIMITIVE==1 && PRIMITIVE_LEVEL !=INTERNAL } -of_object [get_pins -filter {DIRECTION==IN} -of_objects [get_nets -hierarchical -filter {PARENT=="axi_spi_top_i/jesd204_0/inst/i_jesd204_phy/inst/jesd204_phy_block_i/axi_spi_top_jesd204_0_0_phy_gt/inst/axi_spi_top_jesd204_0_0_phy_gt_i/cpll_railing0_i/refclk_buf_n_0"}]]]
resize_pblock [get_pblocks {CLKAG_axi_spi_top_i/jesd204_0/inst/i_jesd204_phy/inst/jesd204_phy_block_i/axi_spi_top_jesd204_0_0_phy_gt/inst/axi_spi_top_jesd204_0_0_phy_gt_i/cpll_railing0_i/refclk_buf_n_0}] -add {CLOCKREGION_X0Y5:CLOCKREGION_X0Y5}
#endgroup

# Clock net "axi_spi_top_i/clk_wiz_0/inst/clk_out1" driven by instance "axi_spi_top_i/clk_wiz_0/inst/clkout1_buf" located at site "BUFGCTRL_X0Y0"
#startgroup
create_pblock {CLKAG_axi_spi_top_i/clk_wiz_0/inst/clk_out1}
add_cells_to_pblock [get_pblocks  {CLKAG_axi_spi_top_i/clk_wiz_0/inst/clk_out1}] [get_cells -filter { PRIMITIVE_GROUP != I/O && IS_PRIMITIVE==1 && PRIMITIVE_LEVEL !=INTERNAL } -of_object [get_pins -filter {DIRECTION==IN} -of_objects [get_nets -hierarchical -filter {PARENT=="axi_spi_top_i/clk_wiz_0/inst/clk_out1"}]]]
resize_pblock [get_pblocks {CLKAG_axi_spi_top_i/clk_wiz_0/inst/clk_out1}] -add {CLOCKREGION_X0Y4:CLOCKREGION_X0Y4 CLOCKREGION_X0Y5:CLOCKREGION_X0Y5 CLOCKREGION_X0Y6:CLOCKREGION_X0Y6 CLOCKREGION_X1Y5:CLOCKREGION_X1Y5}
#endgroup
